This is XeTeX, Version 3.141592653-2.6-0.999993 (TeX Live 2021/W32TeX) (preloaded format=xelatex 2021.6.24)  17 FEB 2022 16:33
entering extended mode
 restricted \write18 enabled.
 file:line:error style messages enabled.
 %&-line parsing enabled.
**"d:/sa_h_1.py/shared backup"
(d:/sa_h_1.py/shared backup.tex
LaTeX2e <2020-10-01> patch level 4
L3 programming layer <2021-02-18> (d:/Program Files/texlive/2021/texmf-dist/tex/latex/IEEEtran/IEEEtran.cls
Document Class: IEEEtran 2015/08/26 V1.8b by Michael Shell
-- See the "IEEEtran_HOWTO" manual for usage information.
-- http://www.michaelshell.org/tex/ieeetran/
\@IEEEtrantmpdimenA=\dimen138
\@IEEEtrantmpdimenB=\dimen139
\@IEEEtrantmpdimenC=\dimen140
\@IEEEtrantmpcountA=\count175
\@IEEEtrantmpcountB=\count176
\@IEEEtrantmpcountC=\count177
\@IEEEtrantmptoksA=\toks15
LaTeX Font Info:    Trying to load font information for TU+ptm on input line 503.
LaTeX Font Info:    No file TUptm.fd. on input line 503.

LaTeX Font Warning: Font shape `TU/ptm/m/n' undefined
(Font)              using `TU/lmr/m/n' instead on input line 503.

-- Using 8.5in x 11in (letter) paper.
-- Using DVI output.
\@IEEEnormalsizeunitybaselineskip=\dimen141
-- This is a 10 point document.
\CLASSINFOnormalsizebaselineskip=\dimen142
\CLASSINFOnormalsizeunitybaselineskip=\dimen143
\IEEEnormaljot=\dimen144

LaTeX Font Warning: Font shape `TU/ptm/bx/n' undefined
(Font)              using `TU/ptm/m/n' instead on input line 1090.


LaTeX Font Warning: Font shape `TU/ptm/m/it' undefined
(Font)              using `TU/ptm/m/n' instead on input line 1090.


LaTeX Font Warning: Font shape `TU/ptm/bx/it' undefined
(Font)              using `TU/ptm/bx/n' instead on input line 1090.

\IEEEquantizedlength=\dimen145
\IEEEquantizedlengthdiff=\dimen146
\IEEEquantizedtextheightdiff=\dimen147
\IEEEilabelindentA=\dimen148
\IEEEilabelindentB=\dimen149
\IEEEilabelindent=\dimen150
\IEEEelabelindent=\dimen151
\IEEEdlabelindent=\dimen152
\IEEElabelindent=\dimen153
\IEEEiednormlabelsep=\dimen154
\IEEEiedmathlabelsep=\dimen155
\IEEEiedtopsep=\skip47
\c@section=\count178
\c@subsection=\count179
\c@subsubsection=\count180
\c@paragraph=\count181
\c@IEEEsubequation=\count182
\abovecaptionskip=\skip48
\belowcaptionskip=\skip49
\c@figure=\count183
\c@table=\count184
\@IEEEeqnnumcols=\count185
\@IEEEeqncolcnt=\count186
\@IEEEsubeqnnumrollback=\count187
\@IEEEquantizeheightA=\dimen156
\@IEEEquantizeheightB=\dimen157
\@IEEEquantizeheightC=\dimen158
\@IEEEquantizeprevdepth=\dimen159
\@IEEEquantizemultiple=\count188
\@IEEEquantizeboxA=\box47
\@IEEEtmpitemindent=\dimen160
\IEEEPARstartletwidth=\dimen161
\c@IEEEbiography=\count189
\@IEEEtranrubishbin=\box48
)
** ATTENTION: Overriding command lockouts (line 2).
(d:/Program Files/texlive/2021/texmf-dist/tex/latex/float/float.sty
Package: float 2001/11/08 v1.3d Float enhancements (AL)
\c@float@type=\count190
\float@exts=\toks16
\float@box=\box49
\@float@everytoks=\toks17
\@floatcapt=\box50
) (d:/Program Files/texlive/2021/texmf-dist/tex/latex/graphics/graphicx.sty
Package: graphicx 2020/09/09 v1.2b Enhanced LaTeX Graphics (DPC,SPQR)
 (d:/Program Files/texlive/2021/texmf-dist/tex/latex/graphics/keyval.sty
Package: keyval 2014/10/28 v1.15 key=value parser (DPC)
\KV@toks@=\toks18
) (d:/Program Files/texlive/2021/texmf-dist/tex/latex/graphics/graphics.sty
Package: graphics 2020/08/30 v1.4c Standard LaTeX Graphics (DPC,SPQR)
 (d:/Program Files/texlive/2021/texmf-dist/tex/latex/graphics/trig.sty
Package: trig 2016/01/03 v1.10 sin cos tan (DPC)
) (d:/Program Files/texlive/2021/texmf-dist/tex/latex/graphics-cfg/graphics.cfg
File: graphics.cfg 2016/06/04 v1.11 sample graphics configuration
)
Package graphics Info: Driver file: xetex.def on input line 105.
 (d:/Program Files/texlive/2021/texmf-dist/tex/latex/graphics-def/xetex.def
File: xetex.def 2021/03/18 v5.0k Graphics/color driver for xetex
))
\Gin@req@height=\dimen162
\Gin@req@width=\dimen163
) (d:/Program Files/texlive/2021/texmf-dist/tex/latex/cite/cite.sty
LaTeX Info: Redefining \cite on input line 302.
LaTeX Info: Redefining \nocite on input line 332.
Package: cite 2015/02/27  v 5.5
) (d:/Program Files/texlive/2021/texmf-dist/tex/latex/tools/indentfirst.sty
Package: indentfirst 1995/11/23 v1.03 Indent first paragraph (DPC)
) (d:/Program Files/texlive/2021/texmf-dist/tex/latex/graphics/color.sty
Package: color 2020/02/24 v1.2b Standard LaTeX Color (DPC)
 (d:/Program Files/texlive/2021/texmf-dist/tex/latex/graphics-cfg/color.cfg
File: color.cfg 2016/01/02 v1.6 sample color configuration
)
Package color Info: Driver file: xetex.def on input line 147.
) (d:/Program Files/texlive/2021/texmf-dist/tex/latex/xcolor/xcolor.sty
Package: xcolor 2016/05/11 v2.12 LaTeX color extensions (UK)
 (d:/Program Files/texlive/2021/texmf-dist/tex/latex/graphics-cfg/color.cfg
File: color.cfg 2016/01/02 v1.6 sample color configuration
)
Package xcolor Info: Driver file: xetex.def on input line 225.
LaTeX Info: Redefining \color on input line 709.
Package xcolor Info: Model `cmy' substituted by `cmy0' on input line 1348.
Package xcolor Info: Model `RGB' extended on input line 1364.
Package xcolor Info: Model `HTML' substituted by `rgb' on input line 1366.
Package xcolor Info: Model `Hsb' substituted by `hsb' on input line 1367.
Package xcolor Info: Model `tHsb' substituted by `hsb' on input line 1368.
Package xcolor Info: Model `HSB' substituted by `hsb' on input line 1369.
Package xcolor Info: Model `Gray' substituted by `gray' on input line 1370.
Package xcolor Info: Model `wave' substituted by `hsb' on input line 1371.
) (d:/Program Files/texlive/2021/texmf-dist/tex/latex/booktabs/booktabs.sty
Package: booktabs 2020/01/12 v1.61803398 Publication quality tables
\heavyrulewidth=\dimen164
\lightrulewidth=\dimen165
\cmidrulewidth=\dimen166
\belowrulesep=\dimen167
\belowbottomsep=\dimen168
\aboverulesep=\dimen169
\abovetopsep=\dimen170
\cmidrulesep=\dimen171
\cmidrulekern=\dimen172
\defaultaddspace=\dimen173
\@cmidla=\count191
\@cmidlb=\count192
\@aboverulesep=\dimen174
\@belowrulesep=\dimen175
\@thisruleclass=\count193
\@lastruleclass=\count194
\@thisrulewidth=\dimen176
) (d:/Program Files/texlive/2021/texmf-dist/tex/latex/tools/verbatim.sty
Package: verbatim 2020-07-07 v1.5u LaTeX2e package for verbatim enhancements
\every@verbatim=\toks19
\verbatim@line=\toks20
\verbatim@in@stream=\read2
) (d:/Program Files/texlive/2021/texmf-dist/tex/latex/amsmath/amsmath.sty
Package: amsmath 2020/09/23 v2.17i AMS math features
\@mathmargin=\skip50

For additional information on amsmath, use the `?' option.
(d:/Program Files/texlive/2021/texmf-dist/tex/latex/amsmath/amstext.sty
Package: amstext 2000/06/29 v2.01 AMS text
 (d:/Program Files/texlive/2021/texmf-dist/tex/latex/amsmath/amsgen.sty
File: amsgen.sty 1999/11/30 v2.0 generic functions
\@emptytoks=\toks21
\ex@=\dimen177
)) (d:/Program Files/texlive/2021/texmf-dist/tex/latex/amsmath/amsbsy.sty
Package: amsbsy 1999/11/29 v1.2d Bold Symbols
\pmbraise@=\dimen178
) (d:/Program Files/texlive/2021/texmf-dist/tex/latex/amsmath/amsopn.sty
Package: amsopn 2016/03/08 v2.02 operator names
)
\inf@bad=\count195
LaTeX Info: Redefining \frac on input line 234.
\uproot@=\count196
\leftroot@=\count197
LaTeX Info: Redefining \overline on input line 399.
\classnum@=\count198
\DOTSCASE@=\count199
LaTeX Info: Redefining \ldots on input line 496.
LaTeX Info: Redefining \dots on input line 499.
LaTeX Info: Redefining \cdots on input line 620.
\Mathstrutbox@=\box51
\strutbox@=\box52
\big@size=\dimen179
LaTeX Font Info:    Redeclaring font encoding OML on input line 743.
LaTeX Font Info:    Redeclaring font encoding OMS on input line 744.
\macc@depth=\count266
\c@MaxMatrixCols=\count267
\dotsspace@=\muskip16
\c@parentequation=\count268
\dspbrk@lvl=\count269
\tag@help=\toks22
\row@=\count270
\column@=\count271
\maxfields@=\count272
\andhelp@=\toks23
\eqnshift@=\dimen180
\alignsep@=\dimen181
\tagshift@=\dimen182
\tagwidth@=\dimen183
\totwidth@=\dimen184
\lineht@=\dimen185
\@envbody=\toks24
\multlinegap=\skip51
\multlinetaggap=\skip52
\mathdisplay@stack=\toks25
LaTeX Info: Redefining \[ on input line 2923.
LaTeX Info: Redefining \] on input line 2924.
) (d:/Program Files/texlive/2021/texmf-dist/tex/latex/amsfonts/amssymb.sty
Package: amssymb 2013/01/14 v3.01 AMS font symbols
 (d:/Program Files/texlive/2021/texmf-dist/tex/latex/amsfonts/amsfonts.sty
Package: amsfonts 2013/01/14 v3.01 Basic AMSFonts support
\symAMSa=\mathgroup4
\symAMSb=\mathgroup5
LaTeX Font Info:    Redeclaring math symbol \hbar on input line 98.
LaTeX Font Info:    Overwriting math alphabet `\mathfrak' in version `bold'
(Font)                  U/euf/m/n --> U/euf/b/n on input line 106.
)) (d:/Program Files/texlive/2021/texmf-dist/tex/latex/algorithms/algorithmic.sty
Invalid UTF-8 byte or sequence at line 11 replaced by U+FFFD.
Package: algorithmic 2009/08/24 v0.1 Document Style `algorithmic'
 (d:/Program Files/texlive/2021/texmf-dist/tex/latex/base/ifthen.sty
Package: ifthen 2014/09/29 v1.1c Standard LaTeX ifthen package (DPC)
)
\c@ALC@unique=\count273
\c@ALC@line=\count274
\c@ALC@rem=\count275
\c@ALC@depth=\count276
\ALC@tlm=\skip53
\algorithmicindent=\skip54
) (d:/Program Files/texlive/2021/texmf-dist/tex/latex/base/textcomp.sty
Package: textcomp 2020/02/02 v2.0n Standard LaTeX package
) (d:/Program Files/texlive/2021/texmf-dist/tex/latex/tools/tabularx.sty
Package: tabularx 2020/01/15 v2.11c `tabularx' package (DPC)
 (d:/Program Files/texlive/2021/texmf-dist/tex/latex/tools/array.sty
Package: array 2020/10/01 v2.5c Tabular extension package (FMi)
\col@sep=\dimen186
\ar@mcellbox=\box53
\extrarowheight=\dimen187
\NC@list=\toks26
\extratabsurround=\skip55
\backup@length=\skip56
\ar@cellbox=\box54
)
\TX@col@width=\dimen188
\TX@old@table=\dimen189
\TX@old@col=\dimen190
\TX@target=\dimen191
\TX@delta=\dimen192
\TX@cols=\count277
\TX@ftn=\toks27
) (d:/Program Files/texlive/2021/texmf-dist/tex/latex/l3backend/l3backend-xetex.def
File: l3backend-xetex.def 2021-03-18 L3 backend support: XeTeX
 (|extractbb --version)
\c__kernel_sys_dvipdfmx_version_int=\count278
\l__color_backend_stack_int=\count279
\g__color_backend_stack_int=\count280
\g__graphics_track_int=\count281
\l__pdf_internal_box=\box55
\g__pdf_backend_object_int=\count282
\g__pdf_backend_annotation_int=\count283
\g__pdf_backend_link_int=\count284
)
No file "shared backup".aux.
\openout1 = `"shared backup.aux"'.

LaTeX Font Info:    Checking defaults for OML/cmm/m/it on input line 22.
LaTeX Font Info:    ... okay on input line 22.
LaTeX Font Info:    Checking defaults for OMS/cmsy/m/n on input line 22.
LaTeX Font Info:    ... okay on input line 22.
LaTeX Font Info:    Checking defaults for OT1/cmr/m/n on input line 22.
LaTeX Font Info:    ... okay on input line 22.
LaTeX Font Info:    Checking defaults for T1/cmr/m/n on input line 22.
LaTeX Font Info:    ... okay on input line 22.
LaTeX Font Info:    Checking defaults for TS1/cmr/m/n on input line 22.
LaTeX Font Info:    Trying to load font information for TS1+cmr on input line 22.
(d:/Program Files/texlive/2021/texmf-dist/tex/latex/base/ts1cmr.fd
File: ts1cmr.fd 2019/12/16 v2.5j Standard LaTeX font definitions
)
LaTeX Font Info:    ... okay on input line 22.
LaTeX Font Info:    Checking defaults for TU/lmr/m/n on input line 22.
LaTeX Font Info:    ... okay on input line 22.
LaTeX Font Info:    Checking defaults for OMX/cmex/m/n on input line 22.
LaTeX Font Info:    ... okay on input line 22.
LaTeX Font Info:    Checking defaults for U/cmr/m/n on input line 22.
LaTeX Font Info:    ... okay on input line 22.


LaTeX Font Warning: Font shape `TU/ptm/b/n' undefined
(Font)              using `TU/ptm/bx/n' instead on input line 22.


LaTeX Font Warning: Font shape `TU/ptm/b/it' undefined
(Font)              using `TU/ptm/bx/it' instead on input line 22.


LaTeX Font Warning: Font shape `TU/ptm/b/n' undefined
(Font)              using `TU/ptm/bx/n' instead on input line 22.


LaTeX Font Warning: Font shape `TU/ptm/b/it' undefined
(Font)              using `TU/ptm/bx/it' instead on input line 22.


LaTeX Font Warning: Font shape `TU/ptm/b/n' undefined
(Font)              using `TU/ptm/bx/n' instead on input line 22.


LaTeX Font Warning: Font shape `TU/ptm/b/it' undefined
(Font)              using `TU/ptm/bx/it' instead on input line 22.


LaTeX Font Warning: Font shape `TU/ptm/b/n' undefined
(Font)              using `TU/ptm/bx/n' instead on input line 22.


LaTeX Font Warning: Font shape `TU/ptm/b/it' undefined
(Font)              using `TU/ptm/bx/it' instead on input line 22.


LaTeX Font Warning: Font shape `TU/ptm/b/n' undefined
(Font)              using `TU/ptm/bx/n' instead on input line 22.


LaTeX Font Warning: Font shape `TU/ptm/b/it' undefined
(Font)              using `TU/ptm/bx/it' instead on input line 22.


LaTeX Font Warning: Font shape `TU/ptm/b/n' undefined
(Font)              using `TU/ptm/bx/n' instead on input line 22.


LaTeX Font Warning: Font shape `TU/ptm/b/it' undefined
(Font)              using `TU/ptm/bx/it' instead on input line 22.


LaTeX Font Warning: Font shape `TU/ptm/b/n' undefined
(Font)              using `TU/ptm/bx/n' instead on input line 22.


LaTeX Font Warning: Font shape `TU/ptm/b/it' undefined
(Font)              using `TU/ptm/bx/it' instead on input line 22.


LaTeX Font Warning: Font shape `TU/ptm/b/n' undefined
(Font)              using `TU/ptm/bx/n' instead on input line 22.


LaTeX Font Warning: Font shape `TU/ptm/b/it' undefined
(Font)              using `TU/ptm/bx/it' instead on input line 22.


LaTeX Font Warning: Font shape `TU/ptm/b/n' undefined
(Font)              using `TU/ptm/bx/n' instead on input line 22.


LaTeX Font Warning: Font shape `TU/ptm/b/it' undefined
(Font)              using `TU/ptm/bx/it' instead on input line 22.


LaTeX Font Warning: Font shape `TU/ptm/b/n' undefined
(Font)              using `TU/ptm/bx/n' instead on input line 22.


LaTeX Font Warning: Font shape `TU/ptm/b/it' undefined
(Font)              using `TU/ptm/bx/it' instead on input line 22.

-- Lines per column: 56 (exact).

LaTeX Font Warning: Font shape `TU/ptm/b/n' undefined
(Font)              using `TU/ptm/bx/n' instead on input line 33.

LaTeX Font Info:    Trying to load font information for U+msa on input line 35.
(d:/Program Files/texlive/2021/texmf-dist/tex/latex/amsfonts/umsa.fd
File: umsa.fd 2013/01/14 v3.01 AMS symbols A
)
LaTeX Font Info:    Trying to load font information for U+msb on input line 35.
 (d:/Program Files/texlive/2021/texmf-dist/tex/latex/amsfonts/umsb.fd
File: umsb.fd 2013/01/14 v3.01 AMS symbols B
)

LaTeX Font Warning: Font shape `TU/ptm/b/n' undefined
(Font)              using `TU/ptm/bx/n' instead on input line 37.


LaTeX Font Warning: Font shape `TU/ptm/m/sc' undefined
(Font)              using `TU/ptm/m/n' instead on input line 41.


LaTeX Font Warning: Font shape `TU/ptm/b/n' undefined
(Font)              using `TU/ptm/bx/n' instead on input line 43.


LaTeX Warning: Citation `han2015network' on page 1 undefined on input line 43.


LaTeX Font Warning: Font shape `TU/ptm/b/n' undefined
(Font)              using `TU/ptm/bx/n' instead on input line 43.


LaTeX Warning: Citation `mijumbi2015network' on page 1 undefined on input line 43.


LaTeX Font Warning: Font shape `TU/ptm/b/n' undefined
(Font)              using `TU/ptm/bx/n' instead on input line 45.


LaTeX Warning: Citation `potharaju2013demystifying' on page 1 undefined on input line 45.


LaTeX Font Warning: Font shape `TU/ptm/b/n' undefined
(Font)              using `TU/ptm/bx/n' instead on input line 47.


LaTeX Warning: Citation `kanizo2017optimizing' on page 1 undefined on input line 47.


LaTeX Font Warning: Font shape `TU/ptm/b/n' undefined
(Font)              using `TU/ptm/bx/n' instead on input line 47.


LaTeX Warning: Citation `cully2008remus' on page 1 undefined on input line 47.


LaTeX Font Warning: Font shape `TU/ptm/b/n' undefined
(Font)              using `TU/ptm/bx/n' instead on input line 52.


LaTeX Warning: Citation `kanizo2017optimizing' on page 1 undefined on input line 52.


LaTeX Font Warning: Font shape `TU/ptm/b/n' undefined
(Font)              using `TU/ptm/bx/n' instead on input line 52.


LaTeX Warning: Citation `kanizo2017optimizing' on page 1 undefined on input line 52.


LaTeX Font Warning: Font shape `TU/ptm/b/n' undefined
(Font)              using `TU/ptm/bx/n' instead on input line 52.


LaTeX Warning: Citation `fujita2021shared' on page 1 undefined on input line 52.


LaTeX Font Warning: Font shape `TU/ptm/b/n' undefined
(Font)              using `TU/ptm/bx/n' instead on input line 52.


LaTeX Warning: Citation `kanizo2017optimizing' on page 1 undefined on input line 52.


LaTeX Font Warning: Font shape `TU/ptm/b/n' undefined
(Font)              using `TU/ptm/bx/n' instead on input line 54.


LaTeX Warning: Citation `zhu2020multiple' on page 1 undefined on input line 54.


LaTeX Font Warning: Font shape `TU/ptm/b/n' undefined
(Font)              using `TU/ptm/bx/n' instead on input line 54.


LaTeX Warning: Citation `zhu2021optimization' on page 1 undefined on input line 54.


LaTeX Font Warning: Font shape `TU/ptm/b/n' undefined
(Font)              using `TU/ptm/bx/n' instead on input line 57.


LaTeX Warning: Citation `he2020unavailability' on page 1 undefined on input line 57.


LaTeX Font Warning: Font shape `TU/ptm/b/n' undefined
(Font)              using `TU/ptm/bx/n' instead on input line 57.


LaTeX Warning: Citation `fujita2021analytical' on page 1 undefined on input line 57.

[1


]
Underfull \vbox (badness 10000) has occurred while \output is active []


Overfull \hbox (4.15202pt too wide) in paragraph at lines 72--90
[][] 
 []


LaTeX Font Warning: Font shape `TU/ptm/b/n' undefined
(Font)              using `TU/ptm/bx/n' instead on input line 92.


LaTeX Warning: Citation `paxson1995wide' on page 2 undefined on input line 92.


LaTeX Font Warning: Font shape `TU/ptm/b/n' undefined
(Font)              using `TU/ptm/bx/n' instead on input line 92.


LaTeX Warning: Citation `kuwabara1993calculation' on page 2 undefined on input line 92.

[2]

LaTeX Warning: File `state transition.pdf' not found on input line 107.

d:/sa_h_1.py/shared backup.tex:107: Unable to load picture or PDF file '"state transition.pdf"'.
<to be read again> 
                   }
l.107 ... = 0.3 \textwidth]{state transition.pdf}}
                                                  
The requested image couldn't be read because
it was not a recognized image format.


d:/sa_h_1.py/shared backup.tex:107: Package graphics Error: Division by 0.

See the graphics package documentation for explanation.
Type  H <return>  for immediate help.
 ...                                              
                                                  
l.107 ... = 0.3 \textwidth]{state transition.pdf}}
                                                  
Your command was ignored.
Type  I <command> <return>  to replace it with another command,
or  <return>  to continue without it.

File: state transition.pdf Graphic file (type pdf)
<use state transition.pdf>
d:/sa_h_1.py/shared backup.tex:107: Unable to load picture or PDF file '"state transition.pdf"'.
<to be read again> 
                   \GPT@clipend 
l.107 ... = 0.3 \textwidth]{state transition.pdf}}
                                                  
The requested image couldn't be read because
it was not a recognized image format.


LaTeX Font Warning: Font shape `TU/ptm/b/n' undefined
(Font)              using `TU/ptm/bx/n' instead on input line 112.


LaTeX Warning: Citation `fan2017availability' on page 3 undefined on input line 112.


LaTeX Font Warning: Font shape `TU/ptm/b/n' undefined
(Font)              using `TU/ptm/bx/n' instead on input line 112.


LaTeX Warning: Citation `\cite {fan2017carrier}' on page 3 undefined on input line 112.


LaTeX Warning: File `state transition mnopq.pdf' not found on input line 133.

d:/sa_h_1.py/shared backup.tex:133: Unable to load picture or PDF file '"state transition mnopq.pdf"'.
<to be read again> 
                   }
l.133 ...5\textwidth]{state transition mnopq.pdf}}
                                                  
The requested image couldn't be read because
it was not a recognized image format.


d:/sa_h_1.py/shared backup.tex:133: Package graphics Error: Division by 0.

See the graphics package documentation for explanation.
Type  H <return>  for immediate help.
 ...                                              
                                                  
l.133 ...5\textwidth]{state transition mnopq.pdf}}
                                                  
Your command was ignored.
Type  I <command> <return>  to replace it with another command,
or  <return>  to continue without it.

File: state transition mnopq.pdf Graphic file (type pdf)
<use state transition mnopq.pdf>
d:/sa_h_1.py/shared backup.tex:133: Unable to load picture or PDF file '"state transition mnopq.pdf"'.
<to be read again> 
                   \GPT@clipend 
l.133 ...5\textwidth]{state transition mnopq.pdf}}
                                                  
The requested image couldn't be read because
it was not a recognized image format.

d:/sa_h_1.py/shared backup.tex:156: Undefined control sequence.
<inserted text> ...nditions \\\hline 1& \multirow 
                                                  {$(m-1,n+1,o,p,q)$}& \mult...
l.156 \end{tabularx}
                    }
The control sequence at the end of the top line
of your error message was never \def'ed. If you have
misspelled it (e.g., `\hobx'), type `I' and the correct
spelling (e.g., `I\hbox'). Otherwise just continue,
and I'll forget about whatever was undefined.

d:/sa_h_1.py/shared backup.tex:156: Undefined control sequence.
<inserted text> ...{$(m-1,n+1,o,p,q)$}& \multirow 
                                                  {$(n+1+o)\mu $}& $m\ge 1$ ...
l.156 \end{tabularx}
                    }
The control sequence at the end of the top line
of your error message was never \def'ed. If you have
misspelled it (e.g., `\hobx'), type `I' and the correct
spelling (e.g., `I\hbox'). Otherwise just continue,
and I'll forget about whatever was undefined.

d:/sa_h_1.py/shared backup.tex:156: Undefined control sequence.
<inserted text> ...nditions \\\hline 1& \multirow 
                                                  {$(m-1,n+1,o,p,q)$}& \mult...
l.156 \end{tabularx}
                    }
The control sequence at the end of the top line
of your error message was never \def'ed. If you have
misspelled it (e.g., `\hobx'), type `I' and the correct
spelling (e.g., `I\hbox'). Otherwise just continue,
and I'll forget about whatever was undefined.

d:/sa_h_1.py/shared backup.tex:156: Undefined control sequence.
<inserted text> ...{$(m-1,n+1,o,p,q)$}& \multirow 
                                                  {$(n+1+o)\mu $}& $m\ge 1$ ...
l.156 \end{tabularx}
                    }
The control sequence at the end of the top line
of your error message was never \def'ed. If you have
misspelled it (e.g., `\hobx'), type `I' and the correct
spelling (e.g., `I\hbox'). Otherwise just continue,
and I'll forget about whatever was undefined.

d:/sa_h_1.py/shared backup.tex:156: Undefined control sequence.
<inserted text> ...nditions \\\hline 1& \multirow 
                                                  {$(m-1,n+1,o,p,q)$}& \mult...
l.156 \end{tabularx}
                    }
The control sequence at the end of the top line
of your error message was never \def'ed. If you have
misspelled it (e.g., `\hobx'), type `I' and the correct
spelling (e.g., `I\hbox'). Otherwise just continue,
and I'll forget about whatever was undefined.

d:/sa_h_1.py/shared backup.tex:156: Undefined control sequence.
<inserted text> ...{$(m-1,n+1,o,p,q)$}& \multirow 
                                                  {$(n+1+o)\mu $}& $m\ge 1$ ...
l.156 \end{tabularx}
                    }
The control sequence at the end of the top line
of your error message was never \def'ed. If you have
misspelled it (e.g., `\hobx'), type `I' and the correct
spelling (e.g., `I\hbox'). Otherwise just continue,
and I'll forget about whatever was undefined.


Overfull \hbox (9.63155pt too wide) in alignment at lines 156--156
[][][][] 
 []

[3]
d:/sa_h_1.py/shared backup.tex:173: Undefined control sequence.
l.173  15&  \multirow
                     {$(m-1,n+l,o,p,q)$}&  \multirow{$m\lambda$}&  $m\ge 1$ ...
The control sequence at the end of the top line
of your error message was never \def'ed. If you have
misspelled it (e.g., `\hobx'), type `I' and the correct
spelling (e.g., `I\hbox'). Otherwise just continue,
and I'll forget about whatever was undefined.

d:/sa_h_1.py/shared backup.tex:173: Undefined control sequence.
l.173 ... \multirow{$(m-1,n+l,o,p,q)$}&  \multirow
                                                  {$m\lambda$}&  $m\ge 1$ an...
The control sequence at the end of the top line
of your error message was never \def'ed. If you have
misspelled it (e.g., `\hobx'), type `I' and the correct
spelling (e.g., `I\hbox'). Otherwise just continue,
and I'll forget about whatever was undefined.


Overfull \hbox (13.60583pt too wide) in paragraph at lines 165--179
 [] 
 []


LaTeX Font Warning: Font shape `TU/ptm/b/n' undefined
(Font)              using `TU/ptm/bx/n' instead on input line 214.


LaTeX Warning: Citation `little1961proof' on page 4 undefined on input line 214.

[4]

LaTeX Font Warning: Font shape `TU/ptm/b/n' undefined
(Font)              using `TU/ptm/bx/n' instead on input line 231.


LaTeX Warning: Citation `aarts1988simulated' on page 5 undefined on input line 231.


LaTeX Font Warning: Font shape `TU/ptm/b/n' undefined
(Font)              using `TU/ptm/bx/n' instead on input line 231.


LaTeX Warning: Citation `dowsland2012simulated' on page 5 undefined on input line 231.


Underfull \vbox (badness 10000) has occurred while \output is active []



LaTeX Warning: File `figure_M.pdf' not found on input line 254.

d:/sa_h_1.py/shared backup.tex:254: Unable to load picture or PDF file 'figure_M.pdf'.
<to be read again> 
                   }
l.254 ...egraphics[width=\textwidth]{figure_M.pdf}
                                                  
The requested image couldn't be read because
it was not a recognized image format.


d:/sa_h_1.py/shared backup.tex:254: Package graphics Error: Division by 0.

See the graphics package documentation for explanation.
Type  H <return>  for immediate help.
 ...                                              
                                                  
l.254 ...egraphics[width=\textwidth]{figure_M.pdf}
                                                  
Your command was ignored.
Type  I <command> <return>  to replace it with another command,
or  <return>  to continue without it.

File: figure_M.pdf Graphic file (type pdf)
<use figure_M.pdf>
d:/sa_h_1.py/shared backup.tex:254: Unable to load picture or PDF file 'figure_M.pdf'.
<to be read again> 
                   \GPT@clipend 
l.254 ...egraphics[width=\textwidth]{figure_M.pdf}
                                                  
The requested image couldn't be read because
it was not a recognized image format.


LaTeX Warning: File `figure_Lambda.pdf' not found on input line 260.

d:/sa_h_1.py/shared backup.tex:260: Unable to load picture or PDF file 'figure_Lambda.pdf'.
<to be read again> 
                   }
l.260 ...hics[width=\textwidth]{figure_Lambda.pdf}
                                                  
The requested image couldn't be read because
it was not a recognized image format.


d:/sa_h_1.py/shared backup.tex:260: Package graphics Error: Division by 0.

See the graphics package documentation for explanation.
Type  H <return>  for immediate help.
 ...                                              
                                                  
l.260 ...hics[width=\textwidth]{figure_Lambda.pdf}
                                                  
Your command was ignored.
Type  I <command> <return>  to replace it with another command,
or  <return>  to continue without it.

File: figure_Lambda.pdf Graphic file (type pdf)
<use figure_Lambda.pdf>
d:/sa_h_1.py/shared backup.tex:260: Unable to load picture or PDF file 'figure_Lambda.pdf'.
<to be read again> 
                   \GPT@clipend 
l.260 ...hics[width=\textwidth]{figure_Lambda.pdf}
                                                  
The requested image couldn't be read because
it was not a recognized image format.

[5]

LaTeX Warning: File `figure_Mu.pdf' not found on input line 288.

d:/sa_h_1.py/shared backup.tex:288: Unable to load picture or PDF file 'figure_Mu.pdf'.
<to be read again> 
                   }
l.288 ...graphics[width=\textwidth]{figure_Mu.pdf}
                                                  
The requested image couldn't be read because
it was not a recognized image format.


d:/sa_h_1.py/shared backup.tex:288: Package graphics Error: Division by 0.

See the graphics package documentation for explanation.
Type  H <return>  for immediate help.
 ...                                              
                                                  
l.288 ...graphics[width=\textwidth]{figure_Mu.pdf}
                                                  
Your command was ignored.
Type  I <command> <return>  to replace it with another command,
or  <return>  to continue without it.

File: figure_Mu.pdf Graphic file (type pdf)
<use figure_Mu.pdf>
d:/sa_h_1.py/shared backup.tex:288: Unable to load picture or PDF file 'figure_Mu.pdf'.
<to be read again> 
                   \GPT@clipend 
l.288 ...graphics[width=\textwidth]{figure_Mu.pdf}
                                                  
The requested image couldn't be read because
it was not a recognized image format.


LaTeX Warning: File `figure_U.pdf' not found on input line 294.

d:/sa_h_1.py/shared backup.tex:294: Unable to load picture or PDF file 'figure_U.pdf'.
<to be read again> 
                   }
l.294 ...egraphics[width=\textwidth]{figure_U.pdf}
                                                  
The requested image couldn't be read because
it was not a recognized image format.


d:/sa_h_1.py/shared backup.tex:294: Package graphics Error: Division by 0.

See the graphics package documentation for explanation.
Type  H <return>  for immediate help.
 ...                                              
                                                  
l.294 ...egraphics[width=\textwidth]{figure_U.pdf}
                                                  
Your command was ignored.
Type  I <command> <return>  to replace it with another command,
or  <return>  to continue without it.

File: figure_U.pdf Graphic file (type pdf)
<use figure_U.pdf>
d:/sa_h_1.py/shared backup.tex:294: Unable to load picture or PDF file 'figure_U.pdf'.
<to be read again> 
                   \GPT@clipend 
l.294 ...egraphics[width=\textwidth]{figure_U.pdf}
                                                  
The requested image couldn't be read because
it was not a recognized image format.

No file "shared backup".bbl.

** Conference Paper **
Before submitting the final camera ready copy, remember to:

 1. Manually equalize the lengths of two columns on the last page
 of your paper;

 2. Ensure that any PostScript and/or PDF output post-processing
 uses only Type 1 fonts and that every step in the generation
 process uses the appropriate paper size.

[6] (./shared backup.aux)

LaTeX Font Warning: Some font shapes were not available, defaults substituted.


LaTeX Warning: There were undefined references.

 ) 
Here is how much of TeX's memory you used:
 4032 strings out of 477693
 61667 string characters out of 5829341
 387948 words of memory out of 5000000
 23942 multiletter control sequences out of 15000+600000
 409854 words of font info for 63 fonts, out of 8000000 for 9000
 670 hyphenation exceptions out of 8191
 68i,11n,74p,2121b,301s stack positions out of 5000i,500n,10000p,200000b,80000s

Output written on shared backup.pdf (6 pages).
